<?xml version="1.0" encoding="UTF-8"?>
<!-- Generated by org.testng.reporters.JUnitReportReporter -->
<testsuite hostname="ubuntu" name="com.lits.javaTeamProject.XMLParser" tests="1" failures="0" timestamp="14 Sep 2015 21:53:33 GMT" time="0.024" errors="0">
  <testcase name="ParseXML" time="0.024" classname="com.lits.javaTeamProject.XMLParser"/>
</testsuite> <!-- com.lits.javaTeamProject.XMLParser -->
